Determining if the pthread_create exist failed with the following output:
Change Dir: /home/michael_fei/Project/AprilTag/catkin_ws/build/CMakeFiles/CMakeTmp

Run Build Command(s):/usr/bin/make cmTC_80acd/fast 
/usr/bin/make -f CMakeFiles/cmTC_80acd.dir/build.make CMakeFiles/cmTC_80acd.dir/build
make[1]: Entering directory '/home/michael_fei/Project/AprilTag/catkin_ws/build/CMakeFiles/CMakeTmp'
Building C object CMakeFiles/cmTC_80acd.dir/CheckSymbolExists.c.o
/usr/bin/cc    -o CMakeFiles/cmTC_80acd.dir/CheckSymbolExists.c.o   -c /home/michael_fei/Project/AprilTag/catkin_ws/build/CMakeFiles/CMakeTmp/CheckSymbolExists.c
Linking C executable cmTC_80acd
/usr/local/bin/cmake -E cmake_link_script CMakeFiles/cmTC_80acd.dir/link.txt --verbose=1
/usr/bin/cc      -rdynamic CMakeFiles/cmTC_80acd.dir/CheckSymbolExists.c.o  -o cmTC_80acd 
CMakeFiles/cmTC_80acd.dir/CheckSymbolExists.c.o: In function `main':
CheckSymbolExists.c:(.text+0x1b): undefined reference to `pthread_create'
collect2: error: ld returned 1 exit status
CMakeFiles/cmTC_80acd.dir/build.make:86: recipe for target 'cmTC_80acd' failed
make[1]: *** [cmTC_80acd] Error 1
make[1]: Leaving directory '/home/michael_fei/Project/AprilTag/catkin_ws/build/CMakeFiles/CMakeTmp'
Makefile:121: recipe for target 'cmTC_80acd/fast' failed
make: *** [cmTC_80acd/fast] Error 2

File /home/michael_fei/Project/AprilTag/catkin_ws/build/CMakeFiles/CMakeTmp/CheckSymbolExists.c:
/* */
#include <pthread.h>

int main(int argc, char** argv)
{
  (void)argv;
#ifndef pthread_create
  return ((int*)(&pthread_create))[argc];
#else
  (void)argc;
  return 0;
#endif
}

Determining if the function pthread_create exists in the pthreads failed with the following output:
Change Dir: /home/michael_fei/Project/AprilTag/catkin_ws/build/CMakeFiles/CMakeTmp

Run Build Command(s):/usr/bin/make cmTC_4ef61/fast 
/usr/bin/make -f CMakeFiles/cmTC_4ef61.dir/build.make CMakeFiles/cmTC_4ef61.dir/build
make[1]: Entering directory '/home/michael_fei/Project/AprilTag/catkin_ws/build/CMakeFiles/CMakeTmp'
Building C object CMakeFiles/cmTC_4ef61.dir/CheckFunctionExists.c.o
/usr/bin/cc   -DCHECK_FUNCTION_EXISTS=pthread_create   -o CMakeFiles/cmTC_4ef61.dir/CheckFunctionExists.c.o   -c /usr/local/share/cmake-3.14/Modules/CheckFunctionExists.c
Linking C executable cmTC_4ef61
/usr/local/bin/cmake -E cmake_link_script CMakeFiles/cmTC_4ef61.dir/link.txt --verbose=1
/usr/bin/cc  -DCHECK_FUNCTION_EXISTS=pthread_create    -rdynamic CMakeFiles/cmTC_4ef61.dir/CheckFunctionExists.c.o  -o cmTC_4ef61 -lpthreads 
/usr/bin/ld: cannot find -lpthreads
collect2: error: ld returned 1 exit status
CMakeFiles/cmTC_4ef61.dir/build.make:86: recipe for target 'cmTC_4ef61' failed
make[1]: *** [cmTC_4ef61] Error 1
make[1]: Leaving directory '/home/michael_fei/Project/AprilTag/catkin_ws/build/CMakeFiles/CMakeTmp'
Makefile:121: recipe for target 'cmTC_4ef61/fast' failed
make: *** [cmTC_4ef61/fast] Error 2


